[20:26:27]0
[20:26:28]0
[20:26:29]0
[20:26:30]0
[20:26:31]0
[20:26:32]0
[20:26:33]0
[20:26:34]0
[20:26:35]0
[20:26:36]0
[20:26:37]0
[20:26:38]0
[20:26:39]0
[20:26:40]0
[20:26:41]0
[20:26:42]0
[20:26:43]0
[20:26:44]0
[20:26:45]0
[20:26:46]0
[20:26:47]0
[20:26:48]0
[20:26:49]0
[20:26:50]0
[20:26:51]0
[20:26:52]0
[20:26:53]0
[20:26:54]0
[20:26:55]0
[20:26:56]0
[20:26:57]0
[20:26:58]0
[20:26:59]0
[20:27:00]0
[20:27:01]0
[20:27:02]0
[20:27:03]0
[20:27:04]0
[20:27:05]0
[20:27:06]0
[20:27:07]0
[20:27:08]0
[20:27:09]0
[20:27:10]0
[20:27:11]0
[20:27:12]0
[20:27:13]0
[20:27:14]0
[20:27:15]0
[20:27:16]0
[20:27:17]0
[20:27:18]0
[20:27:19]0
[20:28:13]0
[20:28:14]0
[20:28:15]0
[20:28:16]0
[20:28:17]0
[20:28:18]0
[20:28:19]0
[20:28:20]0
[20:28:21]0
[20:28:22]0
[20:28:23]0
[20:28:24]0
[20:28:25]0
[20:28:26]0
[20:28:27]0
[20:28:28]0
[20:28:29]0
[20:28:30]0
[20:28:31]0
[20:28:32]0
[20:28:59]0
[20:29:00]0
[20:29:01]0
[20:29:02]0
[20:29:03]0
[20:29:04]0
[20:29:05]0
[20:29:06]0
[20:29:07]0
[20:29:08]0
[20:29:09]0
[20:29:10]0
[20:29:11]0
[20:29:12]0
[20:29:13]0
[20:29:14]0
[20:29:15]0
[20:29:16]0
[20:29:17]0
[20:29:18]0
[20:29:19]0
[20:29:20]0
[20:29:21]0
[20:29:22]0
[20:29:23]0
[20:29:24]0
[20:29:25]0
[20:29:26]0
[20:29:27]0
[20:29:28]0
[20:29:29]0
[20:29:30]0
[20:29:31]0
[20:29:32]0
[20:29:33]0
[20:29:34]0
[20:29:35]0
[20:29:36]0
[20:29:37]0
[20:29:38]0
[20:29:39]0
[20:29:40]0
[20:29:41]0
[20:29:42]0
[20:29:43]0
[20:29:44]0
[20:29:45]0
[20:29:46]0
[20:29:47]0
[20:29:48]0
[20:29:49]0
[20:29:50]0
[20:29:51]0
[20:29:52]0
[20:29:53]0
[20:29:54]0
[20:29:55]0
[20:29:56]0
[20:29:57]0
[20:29:58]0
[20:29:59]0
[20:30:00]0
[20:30:01]0
[20:30:02]0
[20:30:03]0
[20:30:04]0
