[0:02:56]0
[0:02:57]0
[0:02:58]0
[0:02:59]0
[0:03:00]0
[0:03:01]0
[0:03:02]0
[0:03:04]0
[0:03:05]0
[0:03:06]0
[0:03:07]0
[0:03:08]0
[0:03:09]0
[0:03:10]0
[0:03:11]0
[0:03:12]0
[0:03:13]0
[0:03:14]0
[0:03:15]0
[0:03:16]0
[0:03:17]0
[0:03:18]0
[0:03:19]0
[0:03:20]0
[0:03:21]0
[0:04:25]0
[0:04:26]0
[0:04:27]0
[0:04:28]0
[0:04:29]0
[0:04:30]0
[0:04:31]0
[0:04:32]0
[0:08:11]0
[0:08:12]0
[0:08:13]0
[0:08:14]0
[0:08:15]0
[0:08:16]0
[0:08:17]0
[0:08:18]0
[0:08:19]0
[0:08:20]0
[0:08:21]0
[0:08:22]0
[0:08:23]0
[0:08:24]0
[0:08:25]0
[0:08:26]0
[0:08:27]0
[0:29:13]0
[0:29:14]0
[0:29:15]0
[0:29:16]0
[0:29:17]0
[0:29:18]0
[0:29:19]0
[0:29:20]0
[0:29:21]0
[0:29:22]0
[0:29:23]0
[0:29:24]0
[0:29:25]0
[0:29:26]0
[0:29:27]0
[0:29:28]0
[0:29:29]0
[0:29:30]0
[0:29:31]0
[0:29:32]0
[0:29:33]0
[0:29:34]0
[0:29:35]0
[0:29:36]0
[0:29:37]0
[0:29:38]0
[0:29:39]0
[0:36:32]0
[0:36:33]0
[0:36:34]0
[0:36:35]0
[0:36:36]0
[0:38:11]0
[0:38:12]0
[0:38:13]0
[0:38:14]0
[0:38:15]0
[0:38:16]0
[0:38:17]0
[0:38:18]0
[0:38:19]0
[0:38:20]0
[0:38:21]0
[0:38:23]0
[0:38:24]0
[0:38:25]0
[0:38:26]0
[0:38:27]0
[0:38:28]0
[0:38:29]0
[0:38:30]0
[0:38:31]0
[0:38:32]0
[0:38:33]0
[0:38:34]0
[0:38:35]0
[0:38:36]0
[0:38:37]0
[0:38:38]0
[0:39:14]0
[0:39:15]0
[0:39:16]0
[0:39:17]0
[0:39:18]0
[0:39:19]0
[0:39:20]0
[0:39:21]0
[0:39:22]0
[0:39:24]0
[0:39:25]0
[0:39:26]0
[0:39:27]0
[0:39:28]0
[0:39:29]0
[0:39:30]0
[0:39:31]0
[0:39:32]0
[0:39:33]0
[0:39:34]0
[0:39:35]0
[0:42:07]0
[0:42:08]0
[0:42:09]0
[0:42:10]0
[0:42:11]0
[12:29:27]0
[12:29:28]0
[12:29:29]0
[12:29:31]0
[12:29:32]0
[12:29:33]0
[12:29:34]0
[12:29:35]0
[12:29:36]0
[12:29:37]0
[12:29:38]0
[12:29:39]0
[12:29:40]0
[12:29:41]0
[12:29:42]0
[12:29:43]0
[12:29:44]0
[12:29:45]0
[12:43:48]0
[12:43:49]0
[12:43:50]0
[12:43:51]0
[12:43:52]0
