[21:29:13]0
[21:29:14]0
[21:29:15]0
[21:29:16]0
[21:29:17]0
[21:29:18]0
[21:29:19]0
[21:29:20]0
[21:29:21]0
[21:29:22]0
[21:29:23]0
[21:29:24]0
[21:29:26]0
[21:29:27]0
[21:29:28]0
[21:29:29]0
[21:38:48]0
[21:38:49]0
[21:38:50]0
[21:38:51]0
[21:38:52]0
[21:38:53]0
[21:38:54]0
[21:38:55]0
[21:38:56]0
[21:38:57]0
[21:38:58]0
[21:38:59]0
[21:39:00]0
[21:39:01]0
[21:39:03]0
[21:39:04]0
[21:39:05]0
[21:39:06]0
[21:39:07]0
[21:39:08]0
[21:39:09]0
[21:39:10]0
[21:39:11]0
[21:39:12]0
[21:39:13]0
[21:39:14]0
[21:39:15]0
[21:39:16]0
[21:39:17]0
[21:39:18]0
[21:39:19]0
[21:39:20]0
[21:39:21]0
[21:39:22]0
[21:39:23]0
[21:39:58]0
[21:39:59]0
[21:40:00]0
[21:40:01]0
[21:40:02]0
[21:40:03]0
[21:40:04]0
[21:40:05]0
[21:40:06]0
[21:40:07]0
[21:40:08]0
[21:40:09]0
[21:40:10]0
[21:40:11]0
[21:40:12]0
[21:40:13]0
[21:40:14]0
[21:40:15]0
[21:40:16]0
[21:40:17]0
[21:40:18]0
[21:40:19]0
[21:40:20]0
[21:40:21]0
[21:40:22]0
[21:40:23]0
[21:40:24]0
[21:40:25]0
[21:40:26]0
[21:40:29]0
[21:40:30]0
[21:40:31]0
[21:40:32]0
[21:40:33]0
[21:40:34]0
[21:40:35]0
[21:40:36]0
[21:40:37]0
[21:40:38]0
[21:40:39]0
[21:40:40]0
[21:40:41]0
[21:40:42]0
[21:40:43]0
[21:40:44]0
[21:40:45]0
[21:40:49]0
[21:40:50]0
[21:40:51]0
[21:40:52]0
[21:40:53]0
[21:40:54]0
[21:40:55]0
[21:40:56]0
[21:40:57]0
[21:40:58]0
[21:40:44]0
[21:40:45]0
[21:40:49]0
[21:40:50]0
[21:40:51]0
[21:40:52]0
[21:40:53]0
[21:40:54]0
[21:40:55]0
[21:40:56]0
[21:40:57]0
[21:40:58]0
[21:40:44]0
[21:40:45]0
[21:40:49]0
[21:40:50]0
[21:40:51]0
[21:40:52]0
[21:40:53]0
[21:40:54]0
[21:40:55]0
[21:40:56]0
[21:40:57]0
[21:40:58]0
[21:40:44]0
[21:40:45]0
[21:40:49]0
[21:40:50]0
[21:40:51]0
[21:40:52]0
[21:40:53]0
[21:40:54]0
[21:40:55]0
[21:40:56]0
[21:40:57]0
[21:40:58]0
[21:40:44]0
[21:40:45]0
[21:40:49]0
[21:40:50]0
[21:40:51]0
[21:40:52]0
[21:40:53]0
[21:40:54]0
[21:40:55]0
[21:40:56]0
[21:40:57]0
[21:40:58]0
[21:40:44]0
[21:40:45]0
[21:40:49]0
[21:40:50]0
[21:40:51]0
[21:40:52]0
[21:40:53]0
[21:40:54]0
[21:40:55]0
[21:40:56]0
[21:40:57]0
[21:40:58]0
[21:40:44]0
[21:40:45]0
[21:40:49]0
[21:40:50]0
[21:40:51]0
[21:40:52]0
[21:40:53]0
[21:40:54]0
[21:40:55]0
[21:40:56]0
[21:40:57]0
[21:40:58]0
[21:40:44]0
[21:40:45]0
[21:40:49]0
[21:40:50]0
[21:40:51]0
[21:40:52]0
[21:40:53]0
[21:40:54]0
[21:40:55]0
[21:40:56]0
[21:40:57]0
[21:40:58]0
[21:40:44]0
[21:40:45]0
[21:40:49]0
[21:40:50]0
[21:40:51]0
[21:40:52]0
[21:40:53]0
[21:40:54]0
[21:40:55]0
[21:40:56]0
[21:40:57]0
[21:40:58]0
[21:40:44]0
[21:40:45]0
[21:40:49]0
[21:40:50]0
[21:40:51]0
[21:40:52]0
[21:40:53]0
[21:40:54]0
[21:40:55]0
[21:40:56]0
[21:40:57]0
[21:40:58]0
[21:40:44]0
[21:40:45]0
[21:40:49]0
[21:40:50]0
[21:40:51]0
[21:40:52]0
[21:40:53]0
[21:40:54]0
[21:40:55]0
[21:40:56]0
[21:40:57]0
[21:40:58]0
[21:40:44]0
[21:40:45]0
[21:40:49]0
[21:40:50]0
[21:40:51]0
[21:40:52]0
[21:40:53]0
[21:40:54]0
[21:40:55]0
[21:40:56]0
[21:40:57]0
[21:40:58]0
[21:40:44]0
[21:40:45]0
[21:40:49]0
[21:40:50]0
[21:40:51]0
[21:40:52]0
[21:40:53]0
[21:40:54]0
[21:40:55]0
[21:40:56]0
[21:40:57]0
[21:40:58]0
[21:40:44]0
[21:40:45]0
[21:40:49]0
[21:40:50]0
[21:40:51]0
[21:40:52]0
[21:40:53]0
[21:40:54]0
[21:40:55]0
[21:40:56]0
[21:40:57]0
[21:40:58]0
[21:40:44]0
[21:40:45]0
[21:40:49]0
[21:40:50]0
[21:40:51]0
[21:40:52]0
[21:40:53]0
[21:40:54]0
[21:40:55]0
[21:40:56]0
[21:40:57]0
[21:40:58]0
[21:40:44]0
[21:40:45]0
[21:40:49]0
[21:40:50]0
[21:40:51]0
[21:40:52]0
[21:40:53]0
[21:40:54]0
[21:40:55]0
[21:40:56]0
[21:40:57]0
[21:40:58]0
[21:40:44]0
[21:40:45]0
[21:40:49]0
[21:40:50]0
[21:40:51]0
[21:40:52]0
[21:40:53]0
[21:40:54]0
[21:40:55]0
[21:40:56]0
[21:40:57]0
[21:40:58]0
[21:40:44]0
[21:40:45]0
[21:40:49]0
[21:40:50]0
[21:40:51]0
[21:40:52]0
[21:40:53]0
[21:40:54]0
[21:40:55]0
[21:40:56]0
[21:40:57]0
[21:40:58]0
[21:40:44]0
[21:40:45]0
[21:40:49]0
[21:40:50]0
[21:40:51]0
[21:40:52]0
[21:40:53]0
[21:40:54]0
[21:40:55]0
[21:40:56]0
[21:40:57]0
[21:40:58]0
[21:40:44]0
[21:40:45]0
[21:40:49]0
[21:40:50]0
[21:40:51]0
[21:40:52]0
[21:40:53]0
[21:40:54]0
[21:40:55]0
[21:40:56]0
[21:40:57]0
[21:40:58]0
[21:40:44]0
[21:40:45]0
[21:40:49]0
[21:40:50]0
[21:40:51]0
[21:40:52]0
[21:40:53]0
[21:40:54]0
[21:40:55]0
[21:40:56]0
[21:40:57]0
[21:40:58]0
[21:40:44]0
[21:40:45]0
[21:40:49]0
[21:40:50]0
[21:40:51]0
[21:40:52]0
[21:40:53]0
[21:40:54]0
[21:40:55]0
[21:40:56]0
[21:40:57]0
[21:40:58]0
[21:40:44]0
[21:40:45]0
[21:40:49]0
[21:40:50]0
[21:40:51]0
[21:40:52]0
[21:40:53]0
[21:40:54]0
[21:40:55]0
[21:40:56]0
[21:40:57]0
[21:40:58]0
[21:40:44]0
[21:40:45]0
[21:40:49]0
[21:40:50]0
[21:40:51]0
[21:40:52]0
[21:40:53]0
[21:40:54]0
[21:40:55]0
[21:40:56]0
[21:40:57]0
[21:40:58]0
[21:40:44]0
[21:40:45]0
[21:40:49]0
[21:40:50]0
[21:40:51]0
[21:40:52]0
[21:40:53]0
[21:40:54]0
[21:40:55]0
[21:40:56]0
[21:40:57]0
[21:40:58]0
[21:40:44]0
[21:40:45]0
[21:40:49]0
[21:40:50]0
[21:40:51]0
[21:40:52]0
[21:40:53]0
[21:40:54]0
[21:40:55]0
[21:40:56]0
[21:40:57]0
[21:40:58]0
[21:40:44]0
[21:40:45]0
[21:40:49]0
[21:40:50]0
[21:40:51]0
[21:40:52]0
[21:40:53]0
[21:40:54]0
[21:40:55]0
[21:40:56]0
[21:40:57]0
[21:40:58]0
[21:40:44]0
[21:40:45]0
[21:40:49]0
[21:40:50]0
[21:40:51]0
[21:40:52]0
[21:40:53]0
[21:40:54]0
[21:40:55]0
[21:40:56]0
[21:40:57]0
[21:40:58]0
[21:40:44]0
[21:40:45]0
[21:40:49]0
[21:40:50]0
[21:40:51]0
[21:40:52]0
[21:40:53]0
[21:40:54]0
[21:40:55]0
[21:40:56]0
[21:40:57]0
[21:40:58]0
[21:40:44]0
[21:40:45]0
[21:40:49]0
[21:40:50]0
[21:40:51]0
[21:40:52]0
[21:40:53]0
[21:40:54]0
[21:40:55]0
[21:40:56]0
[21:40:57]0
[21:40:58]0
[21:40:44]0
[21:40:45]0
[21:40:49]0
[21:40:50]0
[21:40:51]0
[21:40:52]0
[21:40:53]0
[21:40:54]0
[21:40:55]0
[21:40:56]0
[21:40:57]0
[21:40:58]0
[21:40:44]0
[21:40:45]0
[21:40:49]0
[21:40:50]0
[21:40:51]0
[21:40:52]0
[21:40:53]0
[21:40:54]0
[21:40:55]0
[21:40:56]0
[21:40:57]0
[21:40:58]0
[21:40:44]0
[21:40:45]0
[21:40:49]0
[21:40:50]0
[21:40:51]0
[21:40:52]0
[21:40:53]0
[21:40:54]0
[21:40:55]0
[21:40:56]0
[21:40:57]0
[21:40:58]0
[21:40:44]0
[21:40:45]0
[21:40:49]0
[21:40:50]0
[21:40:51]0
[21:40:52]0
[21:40:53]0
[21:40:54]0
[21:40:55]0
[21:40:56]0
[21:40:57]0
[21:40:58]0
[21:40:44]0
[21:40:45]0
[21:40:49]0
[21:40:50]0
[21:40:51]0
[21:40:52]0
[21:40:53]0
[21:40:54]0
[21:40:55]0
[21:40:56]0
[21:40:57]0
[21:40:58]0
[21:40:44]0
[21:40:45]0
[21:40:49]0
[21:40:50]0
[21:40:51]0
[21:40:52]0
[21:40:53]0
[21:40:54]0
[21:40:55]0
[21:40:56]0
[21:40:57]0
[21:40:58]0
[21:40:44]0
[21:40:45]0
[21:40:49]0
[21:40:50]0
[21:40:51]0
[21:40:52]0
[21:40:53]0
[21:40:54]0
[21:40:55]0
[21:40:56]0
[21:40:57]0
[21:40:58]0
[21:40:44]0
[21:40:45]0
[21:40:49]0
[21:40:50]0
[21:40:51]0
[21:40:52]0
[21:40:53]0
[21:40:54]0
[21:40:55]0
[21:40:56]0
[21:40:57]0
[21:40:58]0
[21:40:44]0
[21:40:45]0
[21:40:49]0
[21:40:50]0
[21:40:51]0
[21:40:52]0
[21:40:53]0
[21:40:54]0
[21:40:55]0
[21:40:56]0
[21:40:57]0
[21:40:58]0
[21:40:44]0
[21:40:45]0
[21:40:49]0
[21:40:50]0
[21:40:51]0
[21:40:52]0
[21:40:53]0
[21:40:54]0
[21:40:55]0
[21:40:56]0
[21:40:57]0
[21:40:58]0
[21:40:44]0
[21:40:45]0
[21:40:49]0
[21:40:50]0
[21:40:51]0
[21:40:52]0
[21:40:53]0
[21:40:54]0
[21:40:55]0
[21:40:56]0
[21:40:57]0
[21:40:58]0
[21:40:44]0
[21:40:45]0
[21:40:49]0
[21:40:50]0
[21:40:51]0
[21:40:52]0
[21:40:53]0
[21:40:54]0
[21:40:55]0
[21:40:56]0
[21:40:57]0
[21:40:58]0
[21:40:44]0
[21:40:45]0
[21:40:49]0
[21:40:50]0
[21:40:51]0
[21:40:52]0
[21:40:53]0
[21:40:54]0
[21:40:55]0
[21:40:56]0
[21:40:57]0
[21:40:58]0
[21:40:44]0
[21:40:45]0
[21:40:49]0
[21:40:50]0
[21:40:51]0
[21:40:52]0
[21:40:53]0
[21:40:54]0
[21:40:55]0
[21:40:56]0
[21:40:57]0
[21:40:58]0
[21:40:44]0
[21:40:45]0
[21:40:49]0
[21:40:50]0
[21:40:51]0
[21:40:52]0
[21:40:53]0
[21:40:54]0
[21:40:55]0
[21:40:56]0
[21:40:57]0
[21:40:58]0
[21:40:44]0
[21:40:45]0
[21:40:49]0
[21:40:50]0
[21:40:51]0
[21:40:52]0
[21:40:53]0
[21:40:54]0
[21:40:55]0
[21:40:56]0
[21:40:57]0
[21:40:58]0
[21:40:44]0
[21:40:45]0
[21:40:49]0
[21:40:50]0
[21:40:51]0
[21:40:52]0
[21:40:53]0
[21:40:54]0
[21:40:55]0
[21:40:56]0
[21:40:57]0
[21:40:58]0
[21:40:44]0
[21:40:45]0
[21:40:49]0
[21:40:50]0
[21:40:51]0
[21:40:52]0
[21:40:53]0
[21:40:54]0
[21:40:55]0
[21:40:56]0
[21:40:57]0
[21:40:58]0
[21:40:44]0
[21:40:45]0
[21:40:49]0
[21:40:50]0
[21:40:51]0
[21:40:52]0
[21:40:53]0
[21:40:54]0
[21:40:55]0
[21:40:56]0
[21:40:57]0
[21:40:58]0
[21:40:44]0
[21:40:45]0
[21:40:49]0
[21:40:50]0
[21:40:51]0
[21:40:52]0
[21:40:53]0
[21:40:54]0
[21:40:55]0
[21:40:56]0
[21:40:57]0
[21:40:58]0
[21:40:44]0
[21:40:45]0
[21:40:49]0
[21:40:50]0
[21:40:51]0
[21:40:52]0
[21:40:53]0
[21:40:54]0
[21:40:55]0
[21:40:56]0
[21:40:57]0
[21:40:58]0
[21:40:44]0
[21:40:45]0
[21:40:49]0
[21:40:50]0
[21:40:51]0
[21:40:52]0
[21:40:53]0
[21:40:54]0
[21:40:55]0
[21:40:56]0
[21:40:57]0
[21:40:58]0
[21:40:44]0
[21:40:45]0
[21:40:49]0
[21:40:50]0
[21:40:51]0
[21:40:52]0
[21:40:53]0
[21:40:54]0
[21:40:55]0
[21:40:56]0
[21:40:57]0
[21:40:58]0
[21:40:44]0
[21:40:45]0
[21:40:49]0
[21:40:50]0
[21:40:51]0
[21:40:52]0
[21:40:53]0
[21:40:54]0
[21:40:55]0
[21:40:56]0
[21:40:57]0
[21:40:58]0
[21:40:44]0
[21:40:45]0
[21:40:49]0
[21:40:50]0
[21:40:51]0
[21:40:52]0
[21:40:53]0
[21:40:54]0
[21:40:55]0
[21:40:56]0
[21:40:57]0
[21:40:58]0
[21:40:44]0
[21:40:45]0
[21:40:49]0
[21:40:50]0
[21:40:51]0
[21:40:52]0
[21:40:53]0
[21:40:54]0
[21:40:55]0
[21:40:56]0
[21:40:57]0
[21:40:58]0
[21:40:44]0
[21:40:45]0
[21:40:49]0
[21:40:50]0
[21:40:51]0
[21:40:52]0
[21:40:53]0
[21:40:54]0
[21:40:55]0
[21:40:56]0
[21:40:57]0
[21:40:58]0
[21:40:44]0
[21:40:45]0
[21:40:49]0
[21:40:50]0
[21:40:51]0
[21:40:52]0
[21:40:53]0
[21:40:54]0
[21:40:55]0
[21:40:56]0
[21:40:57]0
[21:40:58]0
[21:40:44]0
[21:40:45]0
[21:40:49]0
[21:40:50]0
[21:40:51]0
[21:40:52]0
[21:40:53]0
[21:40:54]0
[21:40:55]0
[21:40:56]0
[21:40:57]0
[21:40:58]0
[21:40:44]0
[21:40:45]0
[21:40:49]0
[21:40:50]0
[21:40:51]0
[21:40:52]0
[21:40:53]0
[21:40:54]0
[21:40:55]0
[21:40:56]0
[21:40:57]0
[21:40:58]0
[21:40:44]0
[21:40:45]0
[21:40:49]0
[21:40:50]0
[21:40:51]0
[21:40:52]0
[21:40:53]0
[21:40:54]0
[21:40:55]0
[21:40:56]0
[21:40:57]0
[21:40:58]0
[21:40:44]0
[21:40:45]0
[21:40:49]0
[21:40:50]0
[21:40:51]0
[21:40:52]0
[21:40:53]0
[21:40:54]0
[21:40:55]0
[21:40:56]0
[21:40:57]0
[21:40:58]0
[21:40:44]0
[21:40:45]0
[21:40:49]0
[21:40:50]0
[21:40:51]0
[21:40:52]0
[21:40:53]0
[21:40:54]0
[21:40:55]0
[21:40:56]0
[21:40:57]0
[21:40:58]0
[21:40:44]0
[21:40:45]0
[21:40:49]0
[21:40:50]0
[21:40:51]0
[21:40:52]0
[21:40:53]0
[21:40:54]0
[21:40:55]0
[21:40:56]0
[21:40:57]0
[21:40:58]0
[21:40:44]0
[21:40:45]0
[21:40:49]0
[21:40:50]0
[21:40:51]0
[21:40:52]0
[21:40:53]0
[21:40:54]0
[21:40:55]0
[21:40:56]0
[21:40:57]0
[21:40:58]0
[21:40:44]0
[21:40:45]0
[21:40:49]0
[21:40:50]0
[21:40:51]0
[21:40:52]0
[21:40:53]0
[21:40:54]0
[21:40:55]0
[21:40:56]0
[21:40:57]0
[21:40:58]0
[21:40:44]0
[21:40:45]0
[21:40:49]0
[21:40:50]0
[21:40:51]0
[21:40:52]0
[21:40:53]0
[21:40:54]0
[21:40:55]0
[21:40:56]0
[21:40:57]0
[21:40:58]0
[21:40:44]0
[21:40:45]0
[21:40:49]0
[21:40:50]0
[21:40:51]0
[21:40:52]0
[21:40:53]0
[21:40:54]0
[21:40:55]0
[21:40:56]0
[21:40:57]0
[21:40:58]0
[21:40:44]0
[21:40:45]0
[21:40:49]0
[21:40:50]0
[21:40:51]0
[21:40:52]0
[21:40:53]0
[21:40:54]0
[21:40:55]0
[21:40:56]0
[21:40:57]0
[21:40:58]0
[21:40:44]0
[21:40:45]0
[21:40:49]0
[21:40:50]0
[21:40:51]0
[21:40:52]0
[21:40:53]0
[21:40:54]0
[21:40:55]0
[21:40:56]0
[21:40:57]0
[21:40:58]0
[21:40:44]0
[21:40:45]0
[21:40:49]0
[21:40:50]0
[21:40:51]0
[21:40:52]0
[21:40:53]0
[21:40:54]0
[21:40:55]0
[21:40:56]0
[21:40:57]0
[21:40:58]0
[21:40:44]0
[21:40:45]0
[21:40:49]0
[21:40:50]0
[21:40:51]0
[21:40:52]0
[21:40:53]0
[21:40:54]0
[21:40:55]0
[21:40:56]0
[21:40:57]0
[21:40:58]0
[21:40:44]0
[21:40:45]0
[21:40:49]0
[21:40:50]0
[21:40:51]0
[21:40:52]0
[21:40:53]0
[21:40:54]0
[21:40:55]0
[21:40:56]0
[21:40:57]0
[21:40:58]0
[21:40:44]0
[21:40:45]0
[21:40:49]0
[21:40:50]0
[21:40:51]0
[21:40:52]0
[21:40:53]0
[21:40:54]0
[21:40:55]0
[21:40:56]0
[21:40:57]0
[21:40:58]0
[21:40:44]0
[21:40:45]0
[21:40:49]0
[21:40:50]0
[21:40:51]0
[21:40:52]0
[21:40:53]0
[21:40:54]0
[21:40:55]0
[21:40:56]0
[21:40:57]0
[21:40:58]0
[21:40:44]0
[21:40:45]0
[21:40:49]0
[21:40:50]0
[21:40:51]0
[21:40:52]0
[21:40:53]0
[21:40:54]0
[21:40:55]0
[21:40:56]0
[21:40:57]0
[21:40:58]0
[21:40:44]0
[21:40:45]0
[21:40:49]0
[21:40:50]0
[21:40:51]0
[21:40:52]0
[21:40:53]0
[21:40:54]0
[21:40:55]0
[21:40:56]0
[21:40:57]0
[21:40:58]0
[21:40:44]0
[21:40:45]0
[21:40:49]0
[21:40:50]0
[21:40:51]0
[21:40:52]0
[21:40:53]0
[21:40:54]0
[21:40:55]0
[21:40:56]0
[21:40:57]0
[21:40:58]0
[21:40:44]0
[21:40:45]0
[21:40:49]0
[21:40:50]0
[21:40:51]0
[21:40:52]0
[21:40:53]0
[21:40:54]0
[21:40:55]0
[21:40:56]0
[21:40:57]0
[21:40:58]0
[21:40:44]0
[21:40:45]0
[21:40:49]0
[21:40:50]0
[21:40:51]0
[21:40:52]0
[21:40:53]0
[21:40:54]0
[21:40:55]0
[21:40:56]0
[21:40:57]0
[21:40:58]0
[21:40:44]0
[21:40:45]0
[21:40:49]0
[21:40:50]0
[21:40:51]0
[21:40:52]0
[21:40:53]0
[21:40:54]0
[21:40:55]0
[21:40:56]0
[21:40:57]0
[21:40:58]0
[21:40:44]0
[21:40:45]0
[21:40:49]0
[21:40:50]0
[21:40:51]0
[21:40:52]0
[21:40:53]0
[21:40:54]0
[21:40:55]0
[21:40:56]0
[21:40:57]0
[21:40:58]0
[21:40:44]0
[21:40:45]0
[21:40:49]0
[21:40:50]0
[21:40:51]0
[21:40:52]0
[21:40:53]0
[21:40:54]0
[21:40:55]0
[21:40:56]0
[21:40:57]0
[21:40:58]0
[21:40:44]0
[21:40:45]0
[21:40:49]0
[21:40:50]0
[21:40:51]0
[21:40:52]0
[21:40:53]0
[21:40:54]0
[21:40:55]0
[21:40:56]0
[21:40:57]0
[21:40:58]0
[21:40:44]0
[21:40:45]0
[21:40:49]0
[21:40:50]0
[21:40:51]0
[21:40:52]0
[21:40:53]0
[21:40:54]0
[21:40:55]0
[21:40:56]0
[21:40:57]0
[21:40:58]0
[21:40:44]0
[21:40:45]0
[21:40:49]0
[21:40:50]0
[21:40:51]0
[21:40:52]0
[21:40:53]0
[21:40:54]0
[21:40:55]0
[21:40:56]0
[21:40:57]0
[21:40:58]0
[21:40:44]0
[21:40:45]0
[21:40:49]0
[21:40:50]0
[21:40:51]0
[21:40:52]0
[21:40:53]0
[21:40:54]0
[21:40:55]0
[21:40:56]0
[21:40:57]0
[21:40:58]0
[21:40:44]0
[21:40:45]0
[21:40:49]0
[21:40:50]0
[21:40:51]0
[21:40:52]0
[21:40:53]0
[21:40:54]0
[21:40:55]0
[21:40:56]0
[21:40:57]0
[21:40:58]0
[21:40:44]0
[21:40:45]0
[21:40:49]0
[21:40:50]0
[21:40:51]0
[21:40:52]0
[21:40:53]0
[21:40:54]0
[21:40:55]0
[21:40:56]0
[21:40:57]0
[21:40:58]0
[21:40:44]0
[21:40:45]0
[21:40:49]0
[21:40:50]0
[21:40:51]0
[21:40:52]0
[21:40:53]0
[21:40:54]0
[21:40:55]0
[21:40:56]0
[21:40:57]0
[21:40:58]0
[21:40:44]0
[21:40:45]0
[21:40:49]0
[21:40:50]0
[21:40:51]0
[21:40:52]0
[21:40:53]0
[21:40:54]0
[21:40:55]0
[21:40:56]0
[21:40:57]0
[21:40:58]0
[21:40:44]0
[21:40:45]0
[21:40:49]0
[21:40:50]0
[21:40:51]0
[21:40:52]0
[21:40:53]0
[21:40:54]0
[21:40:55]0
[21:40:56]0
[21:40:57]0
[21:40:58]0
[21:47:12]0
[21:47:13]0
[21:47:14]0
[21:47:15]0
[21:47:16]0
[21:47:17]0
[21:47:19]0
[21:47:20]0
[21:47:21]0
[21:47:22]0
[21:47:23]0
[21:47:24]0
[21:47:25]0
[21:47:26]0
[21:47:27]0
[21:47:28]0
[21:47:12]0
[21:47:13]0
[21:47:14]0
[21:47:15]0
[21:47:16]0
[21:47:17]0
[21:47:19]0
[21:47:20]0
[21:47:21]0
[21:47:22]0
[21:47:23]0
[21:47:24]0
[21:47:25]0
[21:47:26]0
[21:47:27]0
[21:47:28]0
[21:47:12]0
[21:47:13]0
[21:47:14]0
[21:47:15]0
[21:47:16]0
[21:47:17]0
[21:47:19]0
[21:47:20]0
[21:47:21]0
[21:47:22]0
[21:47:23]0
[21:47:24]0
[21:47:25]0
[21:47:26]0
[21:47:27]0
[21:47:28]0
[21:47:12]0
[21:47:13]0
[21:47:14]0
[21:47:15]0
[21:47:16]0
[21:47:17]0
[21:47:19]0
[21:47:20]0
[21:47:21]0
[21:47:22]0
[21:47:23]0
[21:47:24]0
[21:47:25]0
[21:47:26]0
[21:47:27]0
[21:47:28]0
[21:47:12]0
[21:47:13]0
[21:47:14]0
[21:47:15]0
[21:47:16]0
[21:47:17]0
[21:47:19]0
[21:47:20]0
[21:47:21]0
[21:47:22]0
[21:47:23]0
[21:47:24]0
[21:47:25]0
[21:47:26]0
[21:47:27]0
[21:47:28]0
[21:47:12]0
[21:47:13]0
[21:47:14]0
[21:47:15]0
[21:47:16]0
[21:47:17]0
[21:47:19]0
[21:47:20]0
[21:47:21]0
[21:47:22]0
[21:47:23]0
[21:47:24]0
[21:47:25]0
[21:47:26]0
[21:47:27]0
[21:47:28]0
[21:47:12]0
[21:47:13]0
[21:47:14]0
[21:47:15]0
[21:47:16]0
[21:47:17]0
[21:47:19]0
[21:47:20]0
[21:47:21]0
[21:47:22]0
[21:47:23]0
[21:47:24]0
[21:47:25]0
[21:47:26]0
[21:47:27]0
[21:47:28]0
[21:47:12]0
[21:47:13]0
[21:47:14]0
[21:47:15]0
[21:47:16]0
[21:47:17]0
[21:47:19]0
[21:47:20]0
[21:47:21]0
[21:47:22]0
[21:47:23]0
[21:47:24]0
[21:47:25]0
[21:47:26]0
[21:47:27]0
[21:47:28]0
[21:47:12]0
[21:47:13]0
[21:47:14]0
[21:47:15]0
[21:47:16]0
[21:47:17]0
[21:47:19]0
[21:47:20]0
[21:47:21]0
[21:47:22]0
[21:47:23]0
[21:47:24]0
[21:47:25]0
[21:47:26]0
[21:47:27]0
[21:47:28]0
[21:47:12]0
[21:47:13]0
[21:47:14]0
[21:47:15]0
[21:47:16]0
[21:47:17]0
[21:47:19]0
[21:47:20]0
[21:47:21]0
[21:47:22]0
[21:47:23]0
[21:47:24]0
[21:47:25]0
[21:47:26]0
[21:47:27]0
[21:47:28]0
[21:47:12]0
[21:47:13]0
[21:47:14]0
[21:47:15]0
[21:47:16]0
[21:47:17]0
[21:47:19]0
[21:47:20]0
[21:47:21]0
[21:47:22]0
[21:47:23]0
[21:47:24]0
[21:47:25]0
[21:47:26]0
[21:47:27]0
[21:47:28]0
[21:47:12]0
[21:47:13]0
[21:47:14]0
[21:47:15]0
[21:47:16]0
[21:47:17]0
[21:47:19]0
[21:47:20]0
[21:47:21]0
[21:47:22]0
[21:47:23]0
[21:47:24]0
[21:47:25]0
[21:47:26]0
[21:47:27]0
[21:47:28]0
[21:47:12]0
[21:47:13]0
[21:47:14]0
[21:47:15]0
[21:47:16]0
[21:47:17]0
[21:47:19]0
[21:47:20]0
[21:47:21]0
[21:47:22]0
[21:47:23]0
[21:47:24]0
[21:47:25]0
[21:47:26]0
[21:47:27]0
[21:47:28]0
[21:47:12]0
[21:47:13]0
[21:47:14]0
[21:47:15]0
[21:47:16]0
[21:47:17]0
[21:47:19]0
[21:47:20]0
[21:47:21]0
[21:47:22]0
[21:47:23]0
[21:47:24]0
[21:47:25]0
[21:47:26]0
[21:47:27]0
[21:47:28]0
[21:47:12]0
[21:47:13]0
[21:47:14]0
[21:47:15]0
[21:47:16]0
[21:47:17]0
[21:47:19]0
[21:47:20]0
[21:47:21]0
[21:47:22]0
[21:47:23]0
[21:47:24]0
[21:47:25]0
[21:47:26]0
[21:47:27]0
[21:47:28]0
[21:47:12]0
[21:47:13]0
[21:47:14]0
[21:47:15]0
[21:47:16]0
[21:47:17]0
[21:47:19]0
[21:47:20]0
[21:47:21]0
[21:47:22]0
[21:47:23]0
[21:47:24]0
[21:47:25]0
[21:47:26]0
[21:47:27]0
[21:47:28]0
[21:47:12]0
[21:47:13]0
[21:47:14]0
[21:47:15]0
[21:47:16]0
[21:47:17]0
[21:47:19]0
[21:47:20]0
[21:47:21]0
[21:47:22]0
[21:47:23]0
[21:47:24]0
[21:47:25]0
[21:47:26]0
[21:47:27]0
[21:47:28]0
[21:51:20]0
[21:51:21]0
[21:51:22]0
[21:51:23]0
[21:51:24]0
[21:51:25]0
[21:51:26]0
[21:51:28]0
[21:51:29]0
[21:51:30]0
[21:51:31]0
[21:51:32]0
[21:51:33]0
[21:51:34]0
[21:51:35]0
[21:51:36]0
[21:51:37]0
[21:51:20]0
[21:51:21]0
[21:51:22]0
[21:51:23]0
[21:51:24]0
[21:51:25]0
[21:51:26]0
[21:51:28]0
[21:51:29]0
[21:51:30]0
[21:51:31]0
[21:51:32]0
[21:51:33]0
[21:51:34]0
[21:51:35]0
[21:51:36]0
[21:51:37]0
[21:51:20]0
[21:51:21]0
[21:51:22]0
[21:51:23]0
[21:51:24]0
[21:51:25]0
[21:51:26]0
[21:51:28]0
[21:51:29]0
[21:51:30]0
[21:51:31]0
[21:51:32]0
[21:51:33]0
[21:51:34]0
[21:51:35]0
[21:51:36]0
[21:51:37]0
[21:51:20]0
[21:51:21]0
[21:51:22]0
[21:51:23]0
[21:51:24]0
[21:51:25]0
[21:51:26]0
[21:51:28]0
[21:51:29]0
[21:51:30]0
[21:51:31]0
[21:51:32]0
[21:51:33]0
[21:51:34]0
[21:51:35]0
[21:51:36]0
[21:51:37]0
[21:51:20]0
[21:51:21]0
[21:51:22]0
[21:51:23]0
[21:51:24]0
[21:51:25]0
[21:51:26]0
[21:51:28]0
[21:51:29]0
[21:51:30]0
[21:51:31]0
[21:51:32]0
[21:51:33]0
[21:51:34]0
[21:51:35]0
[21:51:36]0
[21:51:37]0
[21:51:20]0
[21:51:21]0
[21:51:22]0
[21:51:23]0
[21:51:24]0
[21:51:25]0
[21:51:26]0
[21:51:28]0
[21:51:29]0
[21:51:30]0
[21:51:31]0
[21:51:32]0
[21:51:33]0
[21:51:34]0
[21:51:35]0
[21:51:36]0
[21:51:37]0
[21:51:20]0
[21:51:21]0
[21:51:22]0
[21:51:23]0
[21:51:24]0
[21:51:25]0
[21:51:26]0
[21:51:28]0
[21:51:29]0
[21:51:30]0
[21:51:31]0
[21:51:32]0
[21:51:33]0
[21:51:34]0
[21:51:35]0
[21:51:36]0
[21:51:37]0
[21:51:20]0
[21:51:21]0
[21:51:22]0
[21:51:23]0
[21:51:24]0
[21:51:25]0
[21:51:26]0
[21:51:28]0
[21:51:29]0
[21:51:30]0
[21:51:31]0
[21:51:32]0
[21:51:33]0
[21:51:34]0
[21:51:35]0
[21:51:36]0
[21:51:37]0
[21:51:20]0
[21:51:21]0
[21:51:22]0
[21:51:23]0
[21:51:24]0
[21:51:25]0
[21:51:26]0
[21:51:28]0
[21:51:29]0
[21:51:30]0
[21:51:31]0
[21:51:32]0
[21:51:33]0
[21:51:34]0
[21:51:35]0
[21:51:36]0
[21:51:37]0
[21:51:20]0
[21:51:21]0
[21:51:22]0
[21:51:23]0
[21:51:24]0
[21:51:25]0
[21:51:26]0
[21:51:28]0
[21:51:29]0
[21:51:30]0
[21:51:31]0
[21:51:32]0
[21:51:33]0
[21:51:34]0
[21:51:35]0
[21:51:36]0
[21:51:37]0
[21:51:20]0
[21:51:21]0
[21:51:22]0
[21:51:23]0
[21:51:24]0
[21:51:25]0
[21:51:26]0
[21:51:28]0
[21:51:29]0
[21:51:30]0
[21:51:31]0
[21:51:32]0
[21:51:33]0
[21:51:34]0
[21:51:35]0
[21:51:36]0
[21:51:37]0
[21:51:20]0
[21:51:21]0
[21:51:22]0
[21:51:23]0
[21:51:24]0
[21:51:25]0
[21:51:26]0
[21:51:28]0
[21:51:29]0
[21:51:30]0
[21:51:31]0
[21:51:32]0
[21:51:33]0
[21:51:34]0
[21:51:35]0
[21:51:36]0
[21:51:37]0
[21:51:20]0
[21:51:21]0
[21:51:22]0
[21:51:23]0
[21:51:24]0
[21:51:25]0
[21:51:26]0
[21:51:28]0
[21:51:29]0
[21:51:30]0
[21:51:31]0
[21:51:32]0
[21:51:33]0
[21:51:34]0
[21:51:35]0
[21:51:36]0
[21:51:37]0
[21:51:20]0
[21:51:21]0
[21:51:22]0
[21:51:23]0
[21:51:24]0
[21:51:25]0
[21:51:26]0
[21:51:28]0
[21:51:29]0
[21:51:30]0
[21:51:31]0
[21:51:32]0
[21:51:33]0
[21:51:34]0
[21:51:35]0
[21:51:36]0
[21:51:37]0
[21:51:20]0
[21:51:21]0
[21:51:22]0
[21:51:23]0
[21:51:24]0
[21:51:25]0
[21:51:26]0
[21:51:28]0
[21:51:29]0
[21:51:30]0
[21:51:31]0
[21:51:32]0
[21:51:33]0
[21:51:34]0
[21:51:35]0
[21:51:36]0
[21:51:37]0
[21:51:20]0
[21:51:21]0
[21:51:22]0
[21:51:23]0
[21:51:24]0
[21:51:25]0
[21:51:26]0
[21:51:28]0
[21:51:29]0
[21:51:30]0
[21:51:31]0
[21:51:32]0
[21:51:33]0
[21:51:34]0
[21:51:35]0
[21:51:36]0
[21:51:37]0
[21:51:20]0
[21:51:21]0
[21:51:22]0
[21:51:23]0
[21:51:24]0
[21:51:25]0
[21:51:26]0
[21:51:28]0
[21:51:29]0
[21:51:30]0
[21:51:31]0
[21:51:32]0
[21:51:33]0
[21:51:34]0
[21:51:35]0
[21:51:36]0
[21:51:37]0
[21:51:20]0
[21:51:21]0
[21:51:22]0
[21:51:23]0
[21:51:24]0
[21:51:25]0
[21:51:26]0
[21:51:28]0
[21:51:29]0
[21:51:30]0
[21:51:31]0
[21:51:32]0
[21:51:33]0
[21:51:34]0
[21:51:35]0
[21:51:36]0
[21:51:37]0
[21:58:18]0
[21:58:19]0
[21:58:20]0
[21:58:21]0
[21:58:23]0
[21:58:24]0
[21:58:25]0
[21:58:26]0
[21:58:27]0
[21:58:28]0
[21:58:29]0
[21:58:30]0
[21:58:31]0
[21:58:32]0
[21:58:33]0
[21:58:34]0
[21:58:35]0
[21:58:36]0
[21:58:37]0
[21:58:38]0
[21:58:39]0
[21:58:40]0
[21:58:41]0
[21:58:42]0
[21:58:43]0
[21:58:44]0
[21:58:45]0
[21:58:46]0
[21:58:47]0
[21:58:48]0
[21:58:49]0
[21:58:50]0
[21:58:51]0
[21:58:52]0
[21:58:53]0
[21:58:54]0
[21:58:55]0
[21:58:56]0
[21:58:57]0
[21:58:58]0
[21:58:59]0
[21:59:00]0
[21:59:01]0
[21:59:02]0
[21:59:03]0
[21:59:04]0
[21:59:05]0
[21:59:06]0
[21:59:07]0
[21:59:08]0
[21:59:09]0
[21:59:10]0
[21:59:11]0
[21:59:13]0
[21:59:14]0
[21:59:15]0
[21:59:16]0
[21:59:17]0
[21:59:18]0
[21:59:19]0
[21:59:20]0
[21:59:21]0
[21:59:22]0
[21:59:23]0
[21:59:24]0
[21:59:25]0
[21:59:26]0
[22:01:15]0
[22:01:17]0
[22:01:18]0
[22:01:19]0
[22:01:20]0
[22:01:21]0
[22:01:22]0
[22:01:23]0
[22:01:24]0
[22:01:25]0
[22:01:26]0
[22:01:27]0
[22:01:28]0
[22:01:29]0
[22:01:30]0
[22:01:31]0
[22:01:32]0
[22:02:11]0
[22:02:12]0
[22:02:13]0
[22:02:14]0
[22:02:15]0
[22:02:16]0
[22:02:17]0
[22:02:18]0
[22:02:19]0
[22:02:20]0
[22:02:21]0
[22:02:22]0
[22:02:23]0
[22:02:25]0
[22:02:26]0
[22:02:27]0
[22:03:04]0
[22:03:05]0
[22:03:07]0
[22:03:08]0
[22:03:09]0
[22:03:10]0
[22:03:11]0
[22:03:12]0
[22:03:13]0
[22:03:14]0
[22:03:15]0
[22:03:16]0
[22:03:17]0
[22:03:18]0
[22:03:19]0
[22:03:20]0
[22:04:46]0
[22:04:47]0
[22:04:48]0
[22:04:49]0
[22:04:50]0
[22:04:51]0
[22:04:52]0
[22:04:53]0
[22:04:54]0
[22:04:55]0
[22:05:34]0
[22:05:35]0
[22:05:36]0
[22:05:37]0
[22:05:38]0
[22:05:39]0
[22:05:40]0
[22:05:41]0
[22:05:42]0
[22:05:43]0
[22:05:44]0
[22:11:15]0
[22:11:16]0
[22:11:17]0
[22:11:18]0
[22:11:19]0
[22:11:20]0
[22:11:21]0
[22:11:22]0
[22:11:23]0
[22:11:24]0
[22:11:25]0
[22:11:26]0
[22:11:27]0
[22:11:28]0
[22:11:29]0
[22:11:30]0
[22:11:31]0
[22:11:32]0
[22:11:33]0
[22:11:34]0
[22:11:35]0
[22:11:37]0
[22:11:38]0
[22:11:39]0
[22:11:40]0
[22:11:41]0
[22:11:42]0
[22:11:43]0
[22:11:44]0
[22:11:45]0
[22:11:46]0
[22:11:47]0
[22:11:48]0
[22:11:49]0
[22:11:50]0
[22:11:51]0
[22:11:52]0
[22:11:53]0
[22:11:54]0
[23:55:11]0
[23:55:12]0
[23:55:13]0
[23:55:14]0
[23:55:15]0
[23:55:16]0
[23:55:17]0
[23:55:18]0
[23:55:19]0
[23:55:20]0
[23:55:21]0
[23:55:22]0
[23:55:23]0
[23:55:24]0
[23:55:25]0
[23:55:26]0
[23:55:27]0
[23:55:28]0
[23:55:29]0
[23:55:30]0
[23:55:31]0
[23:55:32]0
[23:55:33]0
[23:55:34]0
[23:55:35]0
[23:55:36]0
[23:55:37]0
[23:55:38]0
[23:55:39]0
[23:55:40]0
[23:55:41]0
[23:55:42]0
[23:56:12]0
[23:56:13]0
[23:56:14]0
[23:56:15]0
[23:56:16]0
[23:56:18]0
[23:56:19]0
[23:56:20]0
[23:56:21]0
[23:56:22]0
[23:56:23]0
[23:56:24]0
[23:56:25]0
[23:56:26]0
[23:56:27]0
[23:56:28]0
[23:56:29]0
[23:56:30]0
[23:56:31]0
[23:56:32]0
[23:56:33]0
[23:56:34]0
[23:56:35]0
[23:56:36]0
[23:56:37]0
[23:56:38]0
[23:56:39]0
[23:56:40]0
[23:56:41]0
[23:56:42]0
[23:56:43]0
[23:56:44]0
[23:56:45]0
[23:56:46]0
[23:56:47]0
[23:56:48]0
[23:56:49]0
[23:56:50]0
[23:56:51]0
[23:56:52]0
[23:56:53]0
[23:56:54]0
[23:56:55]0
[23:56:56]0
[23:56:57]0
[23:56:58]0
[23:56:59]0
[23:57:00]0
[23:57:01]0
[23:57:02]0
[23:57:03]0
[23:57:04]0
[23:57:05]0
[23:57:06]0
[23:57:07]0
[23:57:08]0
[23:57:09]0
[23:57:11]0
[23:57:12]0
[23:57:13]0
[23:57:14]0
[23:57:15]0
[23:57:16]0
[23:57:17]0
[23:57:18]0
[23:57:19]0
[23:57:20]0
[23:57:21]0
[23:57:22]0
[23:57:23]0
[23:57:24]0
[23:57:25]0
[23:57:26]0
[23:57:27]0
[23:57:28]0
[23:57:29]0
