[12:37:28]0
[12:37:29]0
[12:37:30]0
[12:37:32]0
[12:37:33]0
[12:37:34]0
[12:37:35]0
[12:37:36]0
[12:37:37]0
[12:37:38]0
[12:37:39]0
[12:37:40]0
[12:37:41]0
[12:37:42]0
[12:37:43]0
[12:37:44]0
[12:37:45]0
[12:37:46]0
[12:37:47]0
[12:37:48]0
[12:37:49]0
[12:37:50]0
[12:37:51]0
[12:37:52]0
[12:37:53]0
[12:37:54]0
[12:37:55]0
[12:37:56]0
[12:37:57]0
[12:37:58]0
[12:37:59]0
[12:38:00]0
[12:38:01]0
[12:38:02]0
[12:38:03]0
[12:38:04]0
[12:38:05]0
[12:38:06]0
[12:38:07]0
[12:38:08]0
[12:38:09]0
[12:38:10]0
[12:38:11]0
[12:38:12]0
[12:38:13]0
[12:38:14]0
[12:38:15]0
[12:38:16]0
[12:38:17]0
